<?xml version="1.0" encoding="UTF-8"?>
<!-- Generated by org.testng.reporters.JUnitReportReporter -->
<testsuite skipped="0" hostname="Raju-PC" name="com.MaddiesFund.A" tests="1" failures="0" timestamp="28 Oct 2018 10:21:09 GMT" time="0.023" errors="0">
  <testcase name="testLoginA" time="0.023" classname="com.MaddiesFund.A"/>
</testsuite> <!-- com.MaddiesFund.A -->
