<?xml version="1.0" encoding="UTF-8"?>
<!-- Generated by org.testng.reporters.JUnitReportReporter -->
<testsuite skipped="0" hostname="Raju-PC" name="com.Winwire.MaddiesFund.TestScripts.TestScreenShots" tests="1" failures="0" timestamp="28 Oct 2018 09:12:13 GMT" time="2.497" errors="0">
  <testcase name="testScreen" time="2.497" classname="com.Winwire.MaddiesFund.TestScripts.TestScreenShots"/>
</testsuite> <!-- com.Winwire.MaddiesFund.TestScripts.TestScreenShots -->
